[2025-10-11T11:07:26.892936|req#0] [33mZincCompileMixed[39m(
  upstreamCompileOutput = [33mVector[39m(),
  sources = [33mArraySeq[39m(
    /home/runner/work/Ammonite/Ammonite/out/mill-build/generatedScriptSources.dest/support/build_/BuildFileImpl.scala,
    /home/runner/work/Ammonite/Ammonite/out/mill-build/generatedScriptSources.dest/support/build_/MillMiscInfo.scala,
    /home/runner/work/Ammonite/Ammonite/out/mill-build/generatedScriptSources.dest/support/build_/ci/MillMiscInfo.scala,
    /home/runner/work/Ammonite/Ammonite/out/mill-build/generatedScriptSources.dest/wrapped/build_/build.mill,
    /home/runner/work/Ammonite/Ammonite/out/mill-build/generatedScriptSources.dest/wrapped/build_/ci/upload.mill,
    /home/runner/work/Ammonite/Ammonite/out/mill-build/generatedScriptSources.dest/wrapped/build_/ci/package.mill
  ),
  compileClasspath = [33mList[39m(
    /home/runner/.cache/coursier/v1/https/repo1.maven.org/maven2/com/lihaoyi/sourcecode_3/0.4.4/sourcecode_3-0.4.4.jar,
    /home/runner/.cache/coursier/v1/https/repo1.maven.org/maven2/com/lihaoyi/mill-libs_3/1.0.6/mill-libs_3-1.0.6.jar,
    /home/runner/.cache/coursier/v1/https/repo1.maven.org/maven2/io/get-coursier/coursier-launcher_2.13/2.1.25-M19/coursier-launcher_2.13-2.1.25-M19.jar,
    /home/runner/.cache/coursier/v1/https/repo1.maven.org/maven2/org/scala-lang/scala3-library_3/3.7.3/scala3-library_3-3.7.3.jar,
    /home/runner/.cache/coursier/v1/https/repo1.maven.org/maven2/com/lihaoyi/mill-moduledefs_3/0.11.10/mill-moduledefs_3-0.11.10.jar,
    /home/runner/.cache/coursier/v1/https/repo1.maven.org/maven2/com/lihaoyi/unroll-annotation_3/0.2.0/unroll-annotation_3-0.2.0.jar,
    /home/runner/.cache/coursier/v1/https/repo1.maven.org/maven2/com/lihaoyi/mill-libs-kotlinlib_3/1.0.6/mill-libs-kotlinlib_3-1.0.6.jar,
    /home/runner/.cache/coursier/v1/https/repo1.maven.org/maven2/com/lihaoyi/mill-libs-androidlib_3/1.0.6/mill-libs-androidlib_3-1.0.6.jar,
    /home/runner/.cache/coursier/v1/https/repo1.maven.org/maven2/com/lihaoyi/mill-libs-scalajslib_3/1.0.6/mill-libs-scalajslib_3-1.0.6.jar,
    /home/runner/.cache/coursier/v1/https/repo1.maven.org/maven2/com/lihaoyi/mill-libs-scalanativelib_3/1.0.6/mill-libs-scalanativelib_3-1.0.6.jar,
    /home/runner/.cache/coursier/v1/https/repo1.maven.org/maven2/com/lihaoyi/mill-libs-javascriptlib_3/1.0.6/mill-libs-javascriptlib_3-1.0.6.jar,
    /home/runner/.cache/coursier/v1/https/repo1.maven.org/maven2/com/lihaoyi/mill-libs-pythonlib_3/1.0.6/mill-libs-pythonlib_3-1.0.6.jar,
    /home/runner/.cache/coursier/v1/https/repo1.maven.org/maven2/com/lihaoyi/mill-libs-util_3/1.0.6/mill-libs-util_3-1.0.6.jar,
    /home/runner/.cache/coursier/v1/https/repo1.maven.org/maven2/org/scala-lang/modules/scala-collection-compat_2.13/2.13.0/scala-collection-compat_2.13-2.13.0.jar,
    /home/runner/.cache/coursier/v1/https/repo1.maven.org/maven2/io/github/alexarchambault/scala-cli/tmp/zip-input-stream/0.1.1/zip-input-stream-0.1.1.jar,
    /home/runner/.cache/coursier/v1/https/repo1.maven.org/maven2/ai/kien/python-native-libs_2.13/0.2.4/python-native-libs_2.13-0.2.4.jar,
    /home/runner/.cache/coursier/v1/https/repo1.maven.org/maven2/org/scala-lang/scala-library/2.13.16/scala-library-2.13.16.jar,
    /home/runner/.cache/coursier/v1/https/repo1.maven.org/maven2/com/lihaoyi/mill-libs-javalib_3/1.0.6/mill-libs-javalib_3-1.0.6.jar,
    /home/runner/.cache/coursier/v1/https/repo1.maven.org/maven2/com/lihaoyi/mill-libs-javalib-testrunner_3/1.0.6/mill-libs-javalib-testrunner_3-1.0.6.jar,
    /home/runner/.cache/coursier/v1/https/repo1.maven.org/maven2/com/lihaoyi/mill-libs-kotlinlib-api_3/1.0.6/mill-libs-kotlinlib-api_3-1.0.6.jar,
    /home/runner/.cache/coursier/v1/https/repo1.maven.org/maven2/com/lihaoyi/mill-libs-kotlinlib-ksp2-api_3/1.0.6/mill-libs-kotlinlib-ksp2-api_3-1.0.6.jar,
    /home/runner/.cache/coursier/v1/https/repo1.maven.org/maven2/com/lihaoyi/mill-libs-scalalib_3/1.0.6/mill-libs-scalalib_3-1.0.6.jar,
    /home/runner/.cache/coursier/v1/https/repo1.maven.org/maven2/com/lihaoyi/mill-libs-scalajslib-api_3/1.0.6/mill-libs-scalajslib-api_3-1.0.6.jar,
    /home/runner/.cache/coursier/v1/https/repo1.maven.org/maven2/com/lihaoyi/mill-libs-scalanativelib-api_3/1.0.6/mill-libs-scalanativelib-api_3-1.0.6.jar,
    /home/runner/.cache/coursier/v1/https/repo1.maven.org/maven2/io/get-coursier/coursier_2.13/2.1.25-M18/coursier_2.13-2.1.25-M18.jar,
    /home/runner/.cache/coursier/v1/https/repo1.maven.org/maven2/io/get-coursier/coursier-archive-cache_2.13/2.1.25-M18/coursier-archive-cache_2.13-2.1.25-M18.jar,
    /home/runner/.cache/coursier/v1/https/repo1.maven.org/maven2/io/get-coursier/coursier-core_2.13/2.1.25-M18/coursier-core_2.13-2.1.25-M18.jar,
    /home/runner/.cache/coursier/v1/https/repo1.maven.org/maven2/io/get-coursier/coursier-cache_2.13/2.1.25-M18/coursier-cache_2.13-2.1.25-M18.jar,
    /home/runner/.cache/coursier/v1/https/repo1.maven.org/maven2/io/get-coursier/coursier-paths/2.1.25-M18/coursier-paths-2.1.25-M18.jar,
    /home/runner/.cache/coursier/v1/https/repo1.maven.org/maven2/io/get-coursier/coursier-util_2.13/2.1.25-M18/coursier-util_2.13-2.1.25-M18.jar,
    /home/runner/.cache/coursier/v1/https/repo1.maven.org/maven2/io/get-coursier/versions_2.13/0.5.1/versions_2.13-0.5.1.jar,
    /home/runner/.cache/coursier/v1/https/repo1.maven.org/maven2/io/get-coursier/coursier-jvm_2.13/2.1.25-M18/coursier-jvm_2.13-2.1.25-M18.jar,
    /home/runner/.cache/coursier/v1/https/repo1.maven.org/maven2/org/jline/jline/3.28.0/jline-3.28.0.jar,
    /home/runner/.cache/coursier/v1/https/repo1.maven.org/maven2/com/lihaoyi/mainargs_3/0.7.6/mainargs_3-0.7.6.jar,
    /home/runner/.cache/coursier/v1/https/repo1.maven.org/maven2/com/lihaoyi/requests_3/0.9.0/requests_3-0.9.0.jar,
    /home/runner/.cache/coursier/v1/https/repo1.maven.org/maven2/com/lihaoyi/mill-core-api-daemon_3/1.0.6/mill-core-api-daemon_3-1.0.6.jar,
    /home/runner/.cache/coursier/v1/https/repo1.maven.org/maven2/com/lihaoyi/mill-core-constants/1.0.6/mill-core-constants-1.0.6.jar,
    /home/runner/.cache/coursier/v1/https/repo1.maven.org/maven2/com/lihaoyi/mill-core-api_3/1.0.6/mill-core-api_3-1.0.6.jar,
    /home/runner/.cache/coursier/v1/https/repo1.maven.org/maven2/org/scala-lang/modules/scala-xml_3/2.4.0/scala-xml_3-2.4.0.jar,
    /home/runner/.cache/coursier/v1/https/repo1.maven.org/maven2/org/scala-lang/scala-reflect/2.13.15/scala-reflect-2.13.15.jar,
    /home/runner/.cache/coursier/v1/https/repo1.maven.org/maven2/com/lihaoyi/mill-libs-rpc_3/1.0.6/mill-libs-rpc_3-1.0.6.jar,
    /home/runner/.cache/coursier/v1/https/repo1.maven.org/maven2/com/lihaoyi/mill-libs-javalib-api_3/1.0.6/mill-libs-javalib-api_3-1.0.6.jar,
    /home/runner/.cache/coursier/v1/https/repo1.maven.org/maven2/com/lihaoyi/mill-libs-javalib-testrunner-entrypoint/1.0.6/mill-libs-javalib-testrunner-entrypoint-1.0.6.jar,
    /home/runner/.cache/coursier/v1/https/repo1.maven.org/maven2/org/scala-sbt/test-interface/1.0/test-interface-1.0.jar,
    /home/runner/.cache/coursier/v1/https/repo1.maven.org/maven2/org/scala-lang/modules/scala-collection-compat_3/2.12.0/scala-collection-compat_3-2.12.0.jar,
    /home/runner/.cache/coursier/v1/https/repo1.maven.org/maven2/com/lihaoyi/geny_3/1.1.1/geny_3-1.1.1.jar,
    /home/runner/.cache/coursier/v1/https/repo1.maven.org/maven2/com/lihaoyi/os-lib_3/0.11.5/os-lib_3-0.11.5.jar,
    /home/runner/.cache/coursier/v1/https/repo1.maven.org/maven2/com/lihaoyi/upickle_3/4.3.0/upickle_3-4.3.0.jar,
    /home/runner/.cache/coursier/v1/https/repo1.maven.org/maven2/com/lihaoyi/upickle-implicits-named-tuples_3/4.3.0/upickle-implicits-named-tuples_3-4.3.0.jar,
    /home/runner/.cache/coursier/v1/https/repo1.maven.org/maven2/com/lihaoyi/pprint_3/0.9.3/pprint_3-0.9.3.jar,
    /home/runner/.cache/coursier/v1/https/repo1.maven.org/maven2/com/lihaoyi/fansi_3/0.5.1/fansi_3-0.5.1.jar,
    /home/runner/.cache/coursier/v1/https/repo1.maven.org/maven2/com/lihaoyi/fastparse_3/3.1.1/fastparse_3-3.1.1.jar,
    /home/runner/.cache/coursier/v1/https/repo1.maven.org/maven2/com/lihaoyi/mill-libs-daemon-server_3/1.0.6/mill-libs-daemon-server_3-1.0.6.jar,
    /home/runner/.cache/coursier/v1/https/repo1.maven.org/maven2/com/lihaoyi/os-zip/0.11.5/os-zip-0.11.5.jar,
    /home/runner/.cache/coursier/v1/https/repo1.maven.org/maven2/com/lihaoyi/ujson_3/4.3.0/ujson_3-4.3.0.jar,
    /home/runner/.cache/coursier/v1/https/repo1.maven.org/maven2/com/lihaoyi/upack_3/4.3.0/upack_3-4.3.0.jar,
    /home/runner/.cache/coursier/v1/https/repo1.maven.org/maven2/com/lihaoyi/upickle-implicits_3/4.3.0/upickle-implicits_3-4.3.0.jar,
    /home/runner/.cache/coursier/v1/https/repo1.maven.org/maven2/com/lihaoyi/mill-libs-daemon-client/1.0.6/mill-libs-daemon-client-1.0.6.jar,
    /home/runner/.cache/coursier/v1/https/repo1.maven.org/maven2/com/lihaoyi/upickle-core_3/4.3.0/upickle-core_3-4.3.0.jar,
    /home/runner/work/Ammonite/Ammonite/mill-build/compile-resources
  ),
  javacOptions = [33mJavaCompilerOptions[39m([33mList[39m()),
  scalaVersion = [32m"3.7.3"[39m,
  scalaOrganization = [32m"org.scala-lang"[39m,
  scalacOptions = [33mList[39m(
    [32m"-Xplugin:/home/runner/.cache/coursier/v1/https/repo1.maven.org/maven2/com/lihaoyi/scalac-mill-moduledefs-plugin_3.7.3/0.11.10/scalac-mill-moduledefs-plugin_3.7.3-0.11.10.jar"[39m,
    [32m"-deprecation"[39m,
    [32m"-Wconf:msg=will be encoded on the classpath:silent"[39m
  ),
  compilerClasspath = [33mList[39m(
    [33mPathRef[39m(
      path = /home/runner/.cache/coursier/v1/https/repo1.maven.org/maven2/org/scala-lang/scala3-compiler_3/3.7.3/scala3-compiler_3-3.7.3.jar,
      quick = [32mtrue[39m,
      sig = [32m1051352384[39m,
      revalidate = Once
    ),
    [33mPathRef[39m(
      path = /home/runner/.cache/coursier/v1/https/repo1.maven.org/maven2/org/scala-lang/scala3-library_3/3.7.3/scala3-library_3-3.7.3.jar,
      quick = [32mtrue[39m,
      sig = [32m754665447[39m,
      revalidate = Once
    ),
    [33mPathRef[39m(
      path = /home/runner/.cache/coursier/v1/https/repo1.maven.org/maven2/org/scala-lang/scala3-interfaces/3.7.3/scala3-interfaces-3.7.3.jar,
      quick = [32mtrue[39m,
      sig = [32m-767888538[39m,
      revalidate = Once
    ),
    [33mPathRef[39m(
      path = /home/runner/.cache/coursier/v1/https/repo1.maven.org/maven2/org/scala-lang/tasty-core_3/3.7.3/tasty-core_3-3.7.3.jar,
      quick = [32mtrue[39m,
      sig = [32m1969340705[39m,
      revalidate = Once
    ),
    [33mPathRef[39m(
      path = /home/runner/.cache/coursier/v1/https/repo1.maven.org/maven2/org/scala-lang/modules/scala-asm/9.8.0-scala-1/scala-asm-9.8.0-scala-1.jar,
      quick = [32mtrue[39m,
      sig = [32m-1220540616[39m,
      revalidate = Once
    ),
    [33mPathRef[39m(
      path = /home/runner/.cache/coursier/v1/https/repo1.maven.org/maven2/org/scala-sbt/compiler-interface/1.10.7/compiler-interface-1.10.7.jar,
      quick = [32mtrue[39m,
      sig = [32m-1655566582[39m,
      revalidate = Once
    ),
    [33mPathRef[39m(
      path = /home/runner/.cache/coursier/v1/https/repo1.maven.org/maven2/org/jline/jline-reader/3.29.0/jline-reader-3.29.0.jar,
      quick = [32mtrue[39m,
      sig = [32m19116690[39m,
      revalidate = Once
    ),
    [33mPathRef[39m(
      path = /home/runner/.cache/coursier/v1/https/repo1.maven.org/maven2/org/jline/jline-terminal/3.29.0/jline-terminal-3.29.0.jar,
      quick = [32mtrue[39m,
      sig = [32m-1236915252[39m,
      revalidate = Once
    ),
    [33mPathRef[39m(
      path = /home/runner/.cache/coursier/v1/https/repo1.maven.org/maven2/org/jline/jline-terminal-jni/3.29.0/jline-terminal-jni-3.29.0.jar,
      quick = [32mtrue[39m,
      sig = [32m612165263[39m,
      revalidate = Once
    ),
    [33mPathRef[39m(
      path = /home/runner/.cache/coursier/v1/https/repo1.maven.org/maven2/org/scala-lang/scala-library/2.13.16/scala-library-2.13.16.jar,
      quick = [32mtrue[39m,
      sig = [32m1835596741[39m,
      revalidate = Once
    ),
    [33mPathRef[39m(
      path = /home/runner/.cache/coursier/v1/https/repo1.maven.org/maven2/org/scala-sbt/util-interface/1.10.7/util-interface-1.10.7.jar,
      quick = [32mtrue[39m,
      sig = [32m921920714[39m,
      revalidate = Once
    ),
    [33mPathRef[39m(
      path = /home/runner/.cache/coursier/v1/https/repo1.maven.org/maven2/org/jline/jline-native/3.29.0/jline-native-3.29.0.jar,
      quick = [32mtrue[39m,
      sig = [32m-521174322[39m,
      revalidate = Once
    )
  ),
  scalacPluginClasspath = [33mList[39m(
    [33mPathRef[39m(
      path = /home/runner/.cache/coursier/v1/https/repo1.maven.org/maven2/com/lihaoyi/scalac-mill-moduledefs-plugin_3.7.3/0.11.10/scalac-mill-moduledefs-plugin_3.7.3-0.11.10.jar,
      quick = [32mtrue[39m,
      sig = [32m1741829086[39m,
      revalidate = Once
    ),
    [33mPathRef[39m(
      path = /home/runner/.cache/coursier/v1/https/repo1.maven.org/maven2/org/scala-lang/scala3-compiler_3/3.7.3/scala3-compiler_3-3.7.3.jar,
      quick = [32mtrue[39m,
      sig = [32m1051352384[39m,
      revalidate = Once
    ),
    [33mPathRef[39m(
      path = /home/runner/.cache/coursier/v1/https/repo1.maven.org/maven2/org/scala-lang/scala3-library_3/3.7.3/scala3-library_3-3.7.3.jar,
      quick = [32mtrue[39m,
      sig = [32m754665447[39m,
      revalidate = Once
    ),
    [33mPathRef[39m(
      path = /home/runner/.cache/coursier/v1/https/repo1.maven.org/maven2/com/lihaoyi/mill-moduledefs_3/0.11.10/mill-moduledefs_3-0.11.10.jar,
      quick = [32mtrue[39m,
      sig = [32m696188024[39m,
      revalidate = Once
    ),
    [33mPathRef[39m(
      path = /home/runner/.cache/coursier/v1/https/repo1.maven.org/maven2/org/scala-lang/scala3-interfaces/3.7.3/scala3-interfaces-3.7.3.jar,
      quick = [32mtrue[39m,
      sig = [32m-767888538[39m,
      revalidate = Once
    ),
    [33mPathRef[39m(
      path = /home/runner/.cache/coursier/v1/https/repo1.maven.org/maven2/org/scala-lang/tasty-core_3/3.7.3/tasty-core_3-3.7.3.jar,
      quick = [32mtrue[39m,
      sig = [32m1969340705[39m,
      revalidate = Once
    ),
    [33mPathRef[39m(
      path = /home/runner/.cache/coursier/v1/https/repo1.maven.org/maven2/org/scala-lang/modules/scala-asm/9.8.0-scala-1/scala-asm-9.8.0-scala-1.jar,
      quick = [32mtrue[39m,
      sig = [32m-1220540616[39m,
      revalidate = Once
    ),
    [33mPathRef[39m(
      path = /home/runner/.cache/coursier/v1/https/repo1.maven.org/maven2/org/scala-sbt/compiler-interface/1.10.7/compiler-interface-1.10.7.jar,
      quick = [32mtrue[39m,
      sig = [32m-1655566582[39m,
      revalidate = Once
    ),
    [33mPathRef[39m(
      path = /home/runner/.cache/coursier/v1/https/repo1.maven.org/maven2/org/jline/jline-reader/3.29.0/jline-reader-3.29.0.jar,
      quick = [32mtrue[39m,
      sig = [32m19116690[39m,
      revalidate = Once
    ),
    [33mPathRef[39m(
      path = /home/runner/.cache/coursier/v1/https/repo1.maven.org/maven2/org/jline/jline-terminal/3.29.0/jline-terminal-3.29.0.jar,
      quick = [32mtrue[39m,
      sig = [32m-1236915252[39m,
      revalidate = Once
    ),
    [33mPathRef[39m(
      path = /home/runner/.cache/coursier/v1/https/repo1.maven.org/maven2/org/jline/jline-terminal-jni/3.29.0/jline-terminal-jni-3.29.0.jar,
      quick = [32mtrue[39m,
      sig = [32m612165263[39m,
      revalidate = Once
    ),
    [33mPathRef[39m(
      path = /home/runner/.cache/coursier/v1/https/repo1.maven.org/maven2/org/scala-lang/scala-library/2.13.16/scala-library-2.13.16.jar,
      quick = [32mtrue[39m,
      sig = [32m1835596741[39m,
      revalidate = Once
    ),
    [33mPathRef[39m(
      path = /home/runner/.cache/coursier/v1/https/repo1.maven.org/maven2/org/scala-sbt/util-interface/1.10.7/util-interface-1.10.7.jar,
      quick = [32mtrue[39m,
      sig = [32m921920714[39m,
      revalidate = Once
    ),
    [33mPathRef[39m(
      path = /home/runner/.cache/coursier/v1/https/repo1.maven.org/maven2/org/jline/jline-native/3.29.0/jline-native-3.29.0.jar,
      quick = [32mtrue[39m,
      sig = [32m-521174322[39m,
      revalidate = Once
    )
  ),
  incrementalCompilation = [32mtrue[39m,
  auxiliaryClassFileExtensions = [33mList[39m([32m"tasty"[39m)
)
[2025-10-11T11:07:26.898852|req#0] Using local Zinc instance
[2025-10-11T11:07:42.348532|req#0] Compilation took 15444ms
